<?xml version="1.0" encoding="UTF-8"?>
<!-- Generated by org.testng.reporters.JUnitXMLReporter -->
<testsuite ignored="0" hostname="rakeshs-Air" failures="0" tests="5" name="Default test" time="63.545" errors="0" timestamp="2020-05-11T12:05:06 BST">
  <testcase classname="com.crm.qa.testcases.ContactsPageTest" name="selectContactByNameTest" time="0.893"/>
  <testcase classname="com.crm.qa.testcases.ContactsPageTest" name="selectMultipleContactByNameTest" time="2.056"/>
  <testcase classname="com.crm.qa.testcases.ContactsPageTest" name="verifyContactLableTest" time="0.128"/>
  <testcase classname="com.crm.qa.testcases.ContactsPageTest" name="CreateNewContactTest" time="1.993"/>
  <testcase classname="com.crm.qa.testcases.ContactsPageTest" name="CreateNewContactTest" time="2.176"/>
</testsuite> <!-- Default test -->
