<?xml version="1.0" encoding="UTF-8"?>
<!-- Generated by org.testng.reporters.JUnitXMLReporter -->
<testsuite ignored="0" hostname="rakeshs-Air" failures="0" tests="12" name="my Test" time="94.911" errors="0" timestamp="2020-05-12T12:31:03 BST">
  <testcase classname="com.crm.qa.testcases.ContactsPageTest" name="selectContactByNameTest" time="0.638"/>
  <testcase classname="com.crm.qa.testcases.ContactsPageTest" name="selectMultipleContactByNameTest" time="1.657"/>
  <testcase classname="com.crm.qa.testcases.ContactsPageTest" name="verifyContactLableTest" time="0.092"/>
  <testcase classname="com.crm.qa.testcases.ContactsPageTest" name="CreateNewContactTest" time="1.797"/>
  <testcase classname="com.crm.qa.testcases.ContactsPageTest" name="CreateNewContactTest" time="1.869"/>
  <testcase classname="com.crm.qa.testcases.HomePageTest" name="homePageTitleTest" time="0.012"/>
  <testcase classname="com.crm.qa.testcases.HomePageTest" name="verifyCorrectUsernameTest" time="2.469"/>
  <testcase classname="com.crm.qa.testcases.HomePageTest" name="clickOnContactLinkTest" time="1.824"/>
  <testcase classname="com.crm.qa.testcases.HomePageTest" name="clickOnDealsLinkTest" time="1.799"/>
  <testcase classname="com.crm.qa.testcases.HomePageTest" name="clickOnTasksLinkTest" time="2.133"/>
  <testcase classname="com.crm.qa.testcases.LoginPageTest" name="loginPageTitleTest" time="0.027"/>
  <testcase classname="com.crm.qa.testcases.LoginPageTest" name="loginTest" time="0.817"/>
</testsuite> <!-- my Test -->
