<?xml version="1.0" encoding="UTF-8"?>
<!-- Generated by org.testng.reporters.JUnitXMLReporter -->
<testsuite hostname="rakeshs-Air" ignored="0" name="Command line test" tests="12" failures="0" timestamp="2020-05-12T18:23:29 BST" time="97.089" errors="0">
  <testcase name="selectContactByNameTest" time="0.639" classname="com.crm.qa.testcases.ContactsPageTest"/>
  <testcase name="selectMultipleContactByNameTest" time="1.43" classname="com.crm.qa.testcases.ContactsPageTest"/>
  <testcase name="verifyContactLableTest" time="0.1" classname="com.crm.qa.testcases.ContactsPageTest"/>
  <testcase name="CreateNewContactTest" time="1.811" classname="com.crm.qa.testcases.ContactsPageTest"/>
  <testcase name="CreateNewContactTest" time="1.823" classname="com.crm.qa.testcases.ContactsPageTest"/>
  <testcase name="homePageTitleTest" time="0.01" classname="com.crm.qa.testcases.HomePageTest"/>
  <testcase name="verifyCorrectUsernameTest" time="1.24" classname="com.crm.qa.testcases.HomePageTest"/>
  <testcase name="clickOnContactLinkTest" time="1.685" classname="com.crm.qa.testcases.HomePageTest"/>
  <testcase name="clickOnDealsLinkTest" time="1.747" classname="com.crm.qa.testcases.HomePageTest"/>
  <testcase name="clickOnTasksLinkTest" time="1.674" classname="com.crm.qa.testcases.HomePageTest"/>
  <testcase name="loginPageTitleTest" time="0.013" classname="com.crm.qa.testcases.LoginPageTest"/>
  <testcase name="loginTest" time="0.937" classname="com.crm.qa.testcases.LoginPageTest"/>
</testsuite> <!-- Command line test -->
